<?xml version="1.0" encoding="UTF-8"?>
<coverage generated="1771215893389" clover="3.2.0">
  <project timestamp="1771215893390" name="All files">
    <metrics statements="37" coveredstatements="19" conditionals="11" coveredconditionals="3" methods="12" coveredmethods="3" elements="60" coveredelements="25" complexity="0" loc="37" ncloc="37" packages="1" files="2" classes="2"/>
    <file name="auth.js" path="C:\Users\chase\Documents\GitHub\JWKSserver\auth.js">
      <metrics statements="14" coveredstatements="7" conditionals="6" coveredconditionals="2" methods="1" coveredmethods="1"/>
      <line num="1" count="1" type="stmt"/>
      <line num="2" count="1" type="stmt"/>
      <line num="5" count="1" type="stmt"/>
      <line num="6" count="1" type="cond" truecount="1" falsecount="1"/>
      <line num="8" count="1" type="cond" truecount="1" falsecount="1"/>
      <line num="9" count="1" type="stmt"/>
      <line num="12" count="0" type="stmt"/>
      <line num="18" count="0" type="stmt"/>
      <line num="19" count="0" type="stmt"/>
      <line num="26" count="0" type="cond" truecount="0" falsecount="2"/>
      <line num="27" count="0" type="stmt"/>
      <line num="30" count="0" type="stmt"/>
      <line num="31" count="0" type="stmt"/>
      <line num="34" count="1" type="stmt"/>
    </file>
    <file name="keys.js" path="C:\Users\chase\Documents\GitHub\JWKSserver\keys.js">
      <metrics statements="23" coveredstatements="12" conditionals="5" coveredconditionals="1" methods="11" coveredmethods="2"/>
      <line num="1" count="2" type="stmt"/>
      <line num="4" count="2" type="stmt"/>
      <line num="7" count="7" type="cond" truecount="1" falsecount="1"/>
      <line num="8" count="7" type="stmt"/>
      <line num="9" count="0" type="stmt"/>
      <line num="11" count="0" type="stmt"/>
      <line num="23" count="0" type="stmt"/>
      <line num="25" count="0" type="cond" truecount="0" falsecount="2"/>
      <line num="29" count="0" type="stmt"/>
      <line num="36" count="0" type="stmt"/>
      <line num="37" count="0" type="stmt"/>
      <line num="42" count="1" type="stmt"/>
      <line num="46" count="0" type="stmt"/>
      <line num="50" count="0" type="stmt"/>
      <line num="54" count="0" type="stmt"/>
      <line num="58" count="0" type="stmt"/>
      <line num="62" count="2" type="stmt"/>
      <line num="63" count="2" type="stmt"/>
      <line num="64" count="2" type="stmt"/>
      <line num="65" count="2" type="stmt"/>
      <line num="66" count="2" type="stmt"/>
      <line num="67" count="2" type="stmt"/>
      <line num="68" count="2" type="stmt"/>
    </file>
  </project>
</coverage>
