{"C:\\Users\\chase\\Documents\\GitHub\\JWKSserver\\auth.js": {"path":"C:\\Users\\chase\\Documents\\GitHub\\JWKSserver\\auth.js","statementMap":{"0":{"start":{"line":5,"column":12},"end":{"line":5,"column":35}},"1":{"start":{"line":6,"column":39},"end":{"line":6,"column":56}},"2":{"start":{"line":16,"column":25},"end":{"line":16,"column":53}},"3":{"start":{"line":17,"column":23},"end":{"line":17,"column":81}},"4":{"start":{"line":19,"column":4},"end":{"line":21,"column":5}},"5":{"start":{"line":20,"column":8},"end":{"line":20,"column":69}},"6":{"start":{"line":23,"column":19},"end":{"line":27,"column":5}},"7":{"start":{"line":29,"column":16},"end":{"line":29,"column":45}},"8":{"start":{"line":30,"column":18},"end":{"line":34,"column":5}},"9":{"start":{"line":37,"column":4},"end":{"line":39,"column":5}},"10":{"start":{"line":38,"column":8},"end":{"line":38,"column":31}},"11":{"start":{"line":41,"column":4},"end":{"line":48,"column":5}},"12":{"start":{"line":42,"column":22},"end":{"line":42,"column":94}},"13":{"start":{"line":43,"column":8},"end":{"line":43,"column":105}},"14":{"start":{"line":44,"column":8},"end":{"line":44,"column":28}},"15":{"start":{"line":46,"column":8},"end":{"line":46,"column":57}},"16":{"start":{"line":47,"column":8},"end":{"line":47,"column":68}},"17":{"start":{"line":51,"column":0},"end":{"line":51,"column":34}}},"fnMap":{"0":{"name":"authManager","decl":{"start":{"line":15,"column":15},"end":{"line":15,"column":26}},"loc":{"start":{"line":15,"column":37},"end":{"line":49,"column":1}},"line":15}},"branchMap":{"0":{"loc":{"start":{"line":17,"column":23},"end":{"line":17,"column":81}},"type":"cond-expr","locations":[{"start":{"line":17,"column":38},"end":{"line":17,"column":59}},{"start":{"line":17,"column":62},"end":{"line":17,"column":81}}],"line":17},"1":{"loc":{"start":{"line":19,"column":4},"end":{"line":21,"column":5}},"type":"if","locations":[{"start":{"line":19,"column":4},"end":{"line":21,"column":5}},{"start":{},"end":{}}],"line":19},"2":{"loc":{"start":{"line":37,"column":4},"end":{"line":39,"column":5}},"type":"if","locations":[{"start":{"line":37,"column":4},"end":{"line":39,"column":5}},{"start":{},"end":{}}],"line":37},"3":{"loc":{"start":{"line":43,"column":33},"end":{"line":43,"column":67}},"type":"cond-expr","locations":[{"start":{"line":43,"column":48},"end":{"line":43,"column":57}},{"start":{"line":43,"column":60},"end":{"line":43,"column":67}}],"line":43}},"s":{"0":1,"1":1,"2":8,"3":8,"4":8,"5":0,"6":8,"7":8,"8":8,"9":8,"10":2,"11":8,"12":8,"13":8,"14":8,"15":0,"16":0,"17":1},"f":{"0":8},"b":{"0":[2,6],"1":[0,8],"2":[2,6],"3":[2,6]},"_coverageSchema":"1a1c01bbd47fc00a2c39e90264f33305004495a9","hash":"8e6658fbdfaefd29687e9f24b177a87c598cbe75"}
,"C:\\Users\\chase\\Documents\\GitHub\\JWKSserver\\db.js": {"path":"C:\\Users\\chase\\Documents\\GitHub\\JWKSserver\\db.js","statementMap":{"0":{"start":{"line":4,"column":16},"end":{"line":4,"column":44}},"1":{"start":{"line":10,"column":15},"end":{"line":16,"column":2}},"2":{"start":{"line":12,"column":4},"end":{"line":14,"column":5}},"3":{"start":{"line":13,"column":8},"end":{"line":13,"column":62}},"4":{"start":{"line":15,"column":4},"end":{"line":15,"column":53}},"5":{"start":{"line":22,"column":0},"end":{"line":26,"column":4}},"6":{"start":{"line":28,"column":0},"end":{"line":28,"column":28}}},"fnMap":{"0":{"name":"(anonymous_0)","decl":{"start":{"line":10,"column":71},"end":{"line":10,"column":72}},"loc":{"start":{"line":11,"column":0},"end":{"line":16,"column":1}},"line":11}},"branchMap":{"0":{"loc":{"start":{"line":12,"column":4},"end":{"line":14,"column":5}},"type":"if","locations":[{"start":{"line":12,"column":4},"end":{"line":14,"column":5}},{"start":{},"end":{}}],"line":12}},"s":{"0":3,"1":3,"2":3,"3":0,"4":3,"5":3,"6":3},"f":{"0":3},"b":{"0":[0,3]},"_coverageSchema":"1a1c01bbd47fc00a2c39e90264f33305004495a9","hash":"ab6873e97d82decb71c4e3be77885ca2dbed6cbb"}
,"C:\\Users\\chase\\Documents\\GitHub\\JWKSserver\\keys.js": {"path":"C:\\Users\\chase\\Documents\\GitHub\\JWKSserver\\keys.js","statementMap":{"0":{"start":{"line":5,"column":32},"end":{"line":5,"column":49}},"1":{"start":{"line":6,"column":25},"end":{"line":6,"column":40}},"2":{"start":{"line":8,"column":11},"end":{"line":8,"column":13}},"3":{"start":{"line":17,"column":38},"end":{"line":27,"column":6}},"4":{"start":{"line":30,"column":23},"end":{"line":32,"column":37}},"5":{"start":{"line":35,"column":33},"end":{"line":35,"column":59}},"6":{"start":{"line":38,"column":4},"end":{"line":60,"column":7}},"7":{"start":{"line":39,"column":8},"end":{"line":59,"column":10}},"8":{"start":{"line":43,"column":16},"end":{"line":57,"column":17}},"9":{"start":{"line":44,"column":20},"end":{"line":44,"column":85}},"10":{"start":{"line":45,"column":20},"end":{"line":45,"column":32}},"11":{"start":{"line":48,"column":32},"end":{"line":48,"column":43}},"12":{"start":{"line":49,"column":36},"end":{"line":53,"column":21}},"13":{"start":{"line":54,"column":20},"end":{"line":54,"column":39}},"14":{"start":{"line":55,"column":20},"end":{"line":55,"column":117}},"15":{"start":{"line":56,"column":20},"end":{"line":56,"column":37}},"16":{"start":{"line":71,"column":4},"end":{"line":93,"column":7}},"17":{"start":{"line":72,"column":8},"end":{"line":92,"column":10}},"18":{"start":{"line":76,"column":16},"end":{"line":90,"column":17}},"19":{"start":{"line":77,"column":20},"end":{"line":77,"column":77}},"20":{"start":{"line":78,"column":20},"end":{"line":78,"column":32}},"21":{"start":{"line":80,"column":20},"end":{"line":89,"column":21}},"22":{"start":{"line":81,"column":40},"end":{"line":85,"column":25}},"23":{"start":{"line":86,"column":24},"end":{"line":86,"column":41}},"24":{"start":{"line":88,"column":24},"end":{"line":88,"column":38}},"25":{"start":{"line":102,"column":4},"end":{"line":125,"column":7}},"26":{"start":{"line":103,"column":8},"end":{"line":124,"column":10}},"27":{"start":{"line":107,"column":16},"end":{"line":122,"column":17}},"28":{"start":{"line":108,"column":20},"end":{"line":108,"column":78}},"29":{"start":{"line":109,"column":20},"end":{"line":109,"column":32}},"30":{"start":{"line":111,"column":20},"end":{"line":121,"column":21}},"31":{"start":{"line":112,"column":45},"end":{"line":116,"column":27}},"32":{"start":{"line":112,"column":62},"end":{"line":116,"column":25}},"33":{"start":{"line":117,"column":24},"end":{"line":117,"column":95}},"34":{"start":{"line":118,"column":24},"end":{"line":118,"column":46}},"35":{"start":{"line":120,"column":24},"end":{"line":120,"column":36}},"36":{"start":{"line":135,"column":4},"end":{"line":157,"column":7}},"37":{"start":{"line":136,"column":8},"end":{"line":156,"column":10}},"38":{"start":{"line":140,"column":16},"end":{"line":154,"column":17}},"39":{"start":{"line":141,"column":20},"end":{"line":141,"column":79}},"40":{"start":{"line":142,"column":20},"end":{"line":142,"column":32}},"41":{"start":{"line":144,"column":20},"end":{"line":153,"column":21}},"42":{"start":{"line":145,"column":40},"end":{"line":149,"column":25}},"43":{"start":{"line":150,"column":24},"end":{"line":150,"column":41}},"44":{"start":{"line":152,"column":24},"end":{"line":152,"column":38}},"45":{"start":{"line":166,"column":4},"end":{"line":188,"column":7}},"46":{"start":{"line":167,"column":8},"end":{"line":187,"column":10}},"47":{"start":{"line":171,"column":16},"end":{"line":185,"column":17}},"48":{"start":{"line":172,"column":20},"end":{"line":172,"column":80}},"49":{"start":{"line":173,"column":20},"end":{"line":173,"column":32}},"50":{"start":{"line":175,"column":20},"end":{"line":184,"column":21}},"51":{"start":{"line":176,"column":45},"end":{"line":180,"column":27}},"52":{"start":{"line":176,"column":62},"end":{"line":180,"column":25}},"53":{"start":{"line":181,"column":24},"end":{"line":181,"column":46}},"54":{"start":{"line":183,"column":24},"end":{"line":183,"column":36}},"55":{"start":{"line":198,"column":4},"end":{"line":220,"column":7}},"56":{"start":{"line":199,"column":8},"end":{"line":219,"column":10}},"57":{"start":{"line":203,"column":16},"end":{"line":217,"column":17}},"58":{"start":{"line":204,"column":20},"end":{"line":204,"column":87}},"59":{"start":{"line":205,"column":20},"end":{"line":205,"column":32}},"60":{"start":{"line":207,"column":20},"end":{"line":216,"column":21}},"61":{"start":{"line":208,"column":40},"end":{"line":212,"column":25}},"62":{"start":{"line":213,"column":24},"end":{"line":213,"column":41}},"63":{"start":{"line":215,"column":24},"end":{"line":215,"column":38}},"64":{"start":{"line":225,"column":0},"end":{"line":225,"column":42}},"65":{"start":{"line":226,"column":0},"end":{"line":226,"column":20}},"66":{"start":{"line":227,"column":0},"end":{"line":227,"column":34}},"67":{"start":{"line":228,"column":0},"end":{"line":228,"column":42}},"68":{"start":{"line":229,"column":0},"end":{"line":229,"column":38}},"69":{"start":{"line":230,"column":0},"end":{"line":230,"column":46}},"70":{"start":{"line":231,"column":0},"end":{"line":231,"column":38}}},"fnMap":{"0":{"name":"generateKeyPair","decl":{"start":{"line":16,"column":15},"end":{"line":16,"column":30}},"loc":{"start":{"line":16,"column":50},"end":{"line":63,"column":1}},"line":16},"1":{"name":"(anonymous_1)","decl":{"start":{"line":38,"column":23},"end":{"line":38,"column":24}},"loc":{"start":{"line":38,"column":44},"end":{"line":60,"column":5}},"line":38},"2":{"name":"(anonymous_2)","decl":{"start":{"line":42,"column":12},"end":{"line":42,"column":13}},"loc":{"start":{"line":42,"column":26},"end":{"line":58,"column":13}},"line":42},"3":{"name":"getFreshKey","decl":{"start":{"line":70,"column":9},"end":{"line":70,"column":20}},"loc":{"start":{"line":70,"column":23},"end":{"line":94,"column":1}},"line":70},"4":{"name":"(anonymous_4)","decl":{"start":{"line":71,"column":23},"end":{"line":71,"column":24}},"loc":{"start":{"line":71,"column":44},"end":{"line":93,"column":5}},"line":71},"5":{"name":"(anonymous_5)","decl":{"start":{"line":75,"column":12},"end":{"line":75,"column":13}},"loc":{"start":{"line":75,"column":26},"end":{"line":91,"column":13}},"line":75},"6":{"name":"getAllFreshKeys","decl":{"start":{"line":101,"column":9},"end":{"line":101,"column":24}},"loc":{"start":{"line":101,"column":27},"end":{"line":126,"column":1}},"line":101},"7":{"name":"(anonymous_7)","decl":{"start":{"line":102,"column":23},"end":{"line":102,"column":24}},"loc":{"start":{"line":102,"column":44},"end":{"line":125,"column":5}},"line":102},"8":{"name":"(anonymous_8)","decl":{"start":{"line":106,"column":12},"end":{"line":106,"column":13}},"loc":{"start":{"line":106,"column":27},"end":{"line":123,"column":13}},"line":106},"9":{"name":"(anonymous_9)","decl":{"start":{"line":112,"column":54},"end":{"line":112,"column":55}},"loc":{"start":{"line":112,"column":62},"end":{"line":116,"column":25}},"line":112},"10":{"name":"getExpiredKey","decl":{"start":{"line":134,"column":9},"end":{"line":134,"column":22}},"loc":{"start":{"line":134,"column":25},"end":{"line":158,"column":1}},"line":134},"11":{"name":"(anonymous_11)","decl":{"start":{"line":135,"column":23},"end":{"line":135,"column":24}},"loc":{"start":{"line":135,"column":44},"end":{"line":157,"column":5}},"line":135},"12":{"name":"(anonymous_12)","decl":{"start":{"line":139,"column":12},"end":{"line":139,"column":13}},"loc":{"start":{"line":139,"column":26},"end":{"line":155,"column":13}},"line":139},"13":{"name":"getAllExpiredKeys","decl":{"start":{"line":165,"column":9},"end":{"line":165,"column":26}},"loc":{"start":{"line":165,"column":29},"end":{"line":189,"column":1}},"line":165},"14":{"name":"(anonymous_14)","decl":{"start":{"line":166,"column":23},"end":{"line":166,"column":24}},"loc":{"start":{"line":166,"column":44},"end":{"line":188,"column":5}},"line":166},"15":{"name":"(anonymous_15)","decl":{"start":{"line":170,"column":12},"end":{"line":170,"column":13}},"loc":{"start":{"line":170,"column":27},"end":{"line":186,"column":13}},"line":170},"16":{"name":"(anonymous_16)","decl":{"start":{"line":176,"column":54},"end":{"line":176,"column":55}},"loc":{"start":{"line":176,"column":62},"end":{"line":180,"column":25}},"line":176},"17":{"name":"getKeyWithKid","decl":{"start":{"line":197,"column":9},"end":{"line":197,"column":22}},"loc":{"start":{"line":197,"column":28},"end":{"line":222,"column":1}},"line":197},"18":{"name":"(anonymous_18)","decl":{"start":{"line":198,"column":23},"end":{"line":198,"column":24}},"loc":{"start":{"line":198,"column":44},"end":{"line":220,"column":5}},"line":198},"19":{"name":"(anonymous_19)","decl":{"start":{"line":202,"column":12},"end":{"line":202,"column":13}},"loc":{"start":{"line":202,"column":26},"end":{"line":218,"column":13}},"line":202}},"branchMap":{"0":{"loc":{"start":{"line":16,"column":31},"end":{"line":16,"column":48}},"type":"default-arg","locations":[{"start":{"line":16,"column":43},"end":{"line":16,"column":48}}],"line":16},"1":{"loc":{"start":{"line":30,"column":23},"end":{"line":32,"column":37}},"type":"cond-expr","locations":[{"start":{"line":31,"column":10},"end":{"line":31,"column":37}},{"start":{"line":32,"column":10},"end":{"line":32,"column":37}}],"line":30},"2":{"loc":{"start":{"line":43,"column":16},"end":{"line":57,"column":17}},"type":"if","locations":[{"start":{"line":43,"column":16},"end":{"line":57,"column":17}},{"start":{"line":46,"column":23},"end":{"line":57,"column":17}}],"line":43},"3":{"loc":{"start":{"line":76,"column":16},"end":{"line":90,"column":17}},"type":"if","locations":[{"start":{"line":76,"column":16},"end":{"line":90,"column":17}},{"start":{"line":79,"column":23},"end":{"line":90,"column":17}}],"line":76},"4":{"loc":{"start":{"line":80,"column":20},"end":{"line":89,"column":21}},"type":"if","locations":[{"start":{"line":80,"column":20},"end":{"line":89,"column":21}},{"start":{"line":87,"column":27},"end":{"line":89,"column":21}}],"line":80},"5":{"loc":{"start":{"line":107,"column":16},"end":{"line":122,"column":17}},"type":"if","locations":[{"start":{"line":107,"column":16},"end":{"line":122,"column":17}},{"start":{"line":110,"column":23},"end":{"line":122,"column":17}}],"line":107},"6":{"loc":{"start":{"line":111,"column":20},"end":{"line":121,"column":21}},"type":"if","locations":[{"start":{"line":111,"column":20},"end":{"line":121,"column":21}},{"start":{"line":119,"column":27},"end":{"line":121,"column":21}}],"line":111},"7":{"loc":{"start":{"line":140,"column":16},"end":{"line":154,"column":17}},"type":"if","locations":[{"start":{"line":140,"column":16},"end":{"line":154,"column":17}},{"start":{"line":143,"column":23},"end":{"line":154,"column":17}}],"line":140},"8":{"loc":{"start":{"line":144,"column":20},"end":{"line":153,"column":21}},"type":"if","locations":[{"start":{"line":144,"column":20},"end":{"line":153,"column":21}},{"start":{"line":151,"column":27},"end":{"line":153,"column":21}}],"line":144},"9":{"loc":{"start":{"line":171,"column":16},"end":{"line":185,"column":17}},"type":"if","locations":[{"start":{"line":171,"column":16},"end":{"line":185,"column":17}},{"start":{"line":174,"column":23},"end":{"line":185,"column":17}}],"line":171},"10":{"loc":{"start":{"line":175,"column":20},"end":{"line":184,"column":21}},"type":"if","locations":[{"start":{"line":175,"column":20},"end":{"line":184,"column":21}},{"start":{"line":182,"column":27},"end":{"line":184,"column":21}}],"line":175},"11":{"loc":{"start":{"line":203,"column":16},"end":{"line":217,"column":17}},"type":"if","locations":[{"start":{"line":203,"column":16},"end":{"line":217,"column":17}},{"start":{"line":206,"column":23},"end":{"line":217,"column":17}}],"line":203},"12":{"loc":{"start":{"line":207,"column":20},"end":{"line":216,"column":21}},"type":"if","locations":[{"start":{"line":207,"column":20},"end":{"line":216,"column":21}},{"start":{"line":214,"column":27},"end":{"line":216,"column":21}}],"line":207}},"s":{"0":2,"1":2,"2":2,"3":22,"4":22,"5":22,"6":22,"7":22,"8":22,"9":0,"10":0,"11":22,"12":22,"13":22,"14":22,"15":22,"16":7,"17":7,"18":7,"19":0,"20":0,"21":7,"22":7,"23":7,"24":0,"25":1,"26":1,"27":1,"28":0,"29":0,"30":1,"31":1,"32":61,"33":1,"34":1,"35":0,"36":3,"37":3,"38":3,"39":0,"40":0,"41":3,"42":3,"43":3,"44":0,"45":1,"46":1,"47":1,"48":0,"49":0,"50":1,"51":1,"52":52,"53":1,"54":0,"55":2,"56":2,"57":2,"58":0,"59":0,"60":2,"61":1,"62":1,"63":1,"64":2,"65":2,"66":2,"67":2,"68":2,"69":2,"70":2},"f":{"0":22,"1":22,"2":22,"3":7,"4":7,"5":7,"6":1,"7":1,"8":1,"9":61,"10":3,"11":3,"12":3,"13":1,"14":1,"15":1,"16":52,"17":2,"18":2,"19":2},"b":{"0":[0],"1":[9,13],"2":[0,22],"3":[0,7],"4":[7,0],"5":[0,1],"6":[1,0],"7":[0,3],"8":[3,0],"9":[0,1],"10":[1,0],"11":[0,2],"12":[1,1]},"_coverageSchema":"1a1c01bbd47fc00a2c39e90264f33305004495a9","hash":"2d7d09ce342508a9c218e3d7e8e51af11c3a3421"}
}
