{"C:\\Users\\chase\\Documents\\GitHub\\JWKSserver\\auth.js": {"path":"C:\\Users\\chase\\Documents\\GitHub\\JWKSserver\\auth.js","statementMap":{"0":{"start":{"line":1,"column":12},"end":{"line":1,"column":35}},"1":{"start":{"line":2,"column":39},"end":{"line":2,"column":56}},"2":{"start":{"line":5,"column":25},"end":{"line":5,"column":53}},"3":{"start":{"line":6,"column":23},"end":{"line":6,"column":69}},"4":{"start":{"line":8,"column":4},"end":{"line":10,"column":5}},"5":{"start":{"line":9,"column":8},"end":{"line":9,"column":69}},"6":{"start":{"line":12,"column":19},"end":{"line":16,"column":5}},"7":{"start":{"line":18,"column":16},"end":{"line":18,"column":45}},"8":{"start":{"line":19,"column":18},"end":{"line":23,"column":5}},"9":{"start":{"line":26,"column":4},"end":{"line":28,"column":5}},"10":{"start":{"line":27,"column":8},"end":{"line":27,"column":31}},"11":{"start":{"line":30,"column":18},"end":{"line":30,"column":90}},"12":{"start":{"line":31,"column":4},"end":{"line":31,"column":24}},"13":{"start":{"line":34,"column":0},"end":{"line":34,"column":34}}},"fnMap":{"0":{"name":"authManager","decl":{"start":{"line":4,"column":9},"end":{"line":4,"column":20}},"loc":{"start":{"line":4,"column":31},"end":{"line":32,"column":1}},"line":4}},"branchMap":{"0":{"loc":{"start":{"line":6,"column":23},"end":{"line":6,"column":69}},"type":"cond-expr","locations":[{"start":{"line":6,"column":38},"end":{"line":6,"column":53}},{"start":{"line":6,"column":56},"end":{"line":6,"column":69}}],"line":6},"1":{"loc":{"start":{"line":8,"column":4},"end":{"line":10,"column":5}},"type":"if","locations":[{"start":{"line":8,"column":4},"end":{"line":10,"column":5}},{"start":{},"end":{}}],"line":8},"2":{"loc":{"start":{"line":26,"column":4},"end":{"line":28,"column":5}},"type":"if","locations":[{"start":{"line":26,"column":4},"end":{"line":28,"column":5}},{"start":{},"end":{}}],"line":26}},"s":{"0":1,"1":1,"2":1,"3":1,"4":1,"5":1,"6":0,"7":0,"8":0,"9":0,"10":0,"11":0,"12":0,"13":1},"f":{"0":1},"b":{"0":[0,1],"1":[1,0],"2":[0,0]},"_coverageSchema":"1a1c01bbd47fc00a2c39e90264f33305004495a9","hash":"79c930f7bf55c65941b5452ec8f6dc8edda5c27c"}
,"C:\\Users\\chase\\Documents\\GitHub\\JWKSserver\\keys.js": {"path":"C:\\Users\\chase\\Documents\\GitHub\\JWKSserver\\keys.js","statementMap":{"0":{"start":{"line":1,"column":32},"end":{"line":1,"column":49}},"1":{"start":{"line":4,"column":13},"end":{"line":4,"column":15}},"2":{"start":{"line":7,"column":4},"end":{"line":10,"column":5}},"3":{"start":{"line":8,"column":21},"end":{"line":8,"column":41}},"4":{"start":{"line":9,"column":8},"end":{"line":9,"column":25}},"5":{"start":{"line":11,"column":38},"end":{"line":21,"column":6}},"6":{"start":{"line":23,"column":16},"end":{"line":23,"column":24}},"7":{"start":{"line":25,"column":23},"end":{"line":27,"column":33}},"8":{"start":{"line":29,"column":20},"end":{"line":34,"column":5}},"9":{"start":{"line":36,"column":4},"end":{"line":36,"column":23}},"10":{"start":{"line":37,"column":4},"end":{"line":37,"column":19}},"11":{"start":{"line":42,"column":4},"end":{"line":42,"column":57}},"12":{"start":{"line":42,"column":28},"end":{"line":42,"column":55}},"13":{"start":{"line":46,"column":4},"end":{"line":46,"column":59}},"14":{"start":{"line":46,"column":30},"end":{"line":46,"column":57}},"15":{"start":{"line":50,"column":4},"end":{"line":50,"column":58}},"16":{"start":{"line":50,"column":28},"end":{"line":50,"column":56}},"17":{"start":{"line":54,"column":4},"end":{"line":54,"column":60}},"18":{"start":{"line":54,"column":30},"end":{"line":54,"column":58}},"19":{"start":{"line":58,"column":4},"end":{"line":58,"column":45}},"20":{"start":{"line":58,"column":28},"end":{"line":58,"column":43}},"21":{"start":{"line":62,"column":0},"end":{"line":62,"column":42}},"22":{"start":{"line":63,"column":0},"end":{"line":63,"column":20}},"23":{"start":{"line":64,"column":0},"end":{"line":64,"column":34}},"24":{"start":{"line":65,"column":0},"end":{"line":65,"column":42}},"25":{"start":{"line":66,"column":0},"end":{"line":66,"column":38}},"26":{"start":{"line":67,"column":0},"end":{"line":67,"column":46}},"27":{"start":{"line":68,"column":0},"end":{"line":68,"column":38}}},"fnMap":{"0":{"name":"generateKeyPair","decl":{"start":{"line":6,"column":15},"end":{"line":6,"column":30}},"loc":{"start":{"line":6,"column":50},"end":{"line":38,"column":1}},"line":6},"1":{"name":"getFreshKey","decl":{"start":{"line":41,"column":9},"end":{"line":41,"column":20}},"loc":{"start":{"line":41,"column":23},"end":{"line":43,"column":1}},"line":41},"2":{"name":"(anonymous_2)","decl":{"start":{"line":42,"column":21},"end":{"line":42,"column":22}},"loc":{"start":{"line":42,"column":28},"end":{"line":42,"column":55}},"line":42},"3":{"name":"getAllFreshKeys","decl":{"start":{"line":45,"column":9},"end":{"line":45,"column":24}},"loc":{"start":{"line":45,"column":27},"end":{"line":47,"column":1}},"line":45},"4":{"name":"(anonymous_4)","decl":{"start":{"line":46,"column":23},"end":{"line":46,"column":24}},"loc":{"start":{"line":46,"column":30},"end":{"line":46,"column":57}},"line":46},"5":{"name":"getExpiredKey","decl":{"start":{"line":49,"column":9},"end":{"line":49,"column":22}},"loc":{"start":{"line":49,"column":25},"end":{"line":51,"column":1}},"line":49},"6":{"name":"(anonymous_6)","decl":{"start":{"line":50,"column":21},"end":{"line":50,"column":22}},"loc":{"start":{"line":50,"column":28},"end":{"line":50,"column":56}},"line":50},"7":{"name":"getAllExpiredKeys","decl":{"start":{"line":53,"column":9},"end":{"line":53,"column":26}},"loc":{"start":{"line":53,"column":29},"end":{"line":55,"column":1}},"line":53},"8":{"name":"(anonymous_8)","decl":{"start":{"line":54,"column":23},"end":{"line":54,"column":24}},"loc":{"start":{"line":54,"column":30},"end":{"line":54,"column":58}},"line":54},"9":{"name":"getKeyWithKid","decl":{"start":{"line":57,"column":9},"end":{"line":57,"column":22}},"loc":{"start":{"line":57,"column":28},"end":{"line":59,"column":1}},"line":57},"10":{"name":"(anonymous_10)","decl":{"start":{"line":58,"column":21},"end":{"line":58,"column":22}},"loc":{"start":{"line":58,"column":28},"end":{"line":58,"column":43}},"line":58}},"branchMap":{"0":{"loc":{"start":{"line":6,"column":31},"end":{"line":6,"column":48}},"type":"default-arg","locations":[{"start":{"line":6,"column":43},"end":{"line":6,"column":48}}],"line":6},"1":{"loc":{"start":{"line":7,"column":4},"end":{"line":10,"column":5}},"type":"if","locations":[{"start":{"line":7,"column":4},"end":{"line":10,"column":5}},{"start":{},"end":{}}],"line":7},"2":{"loc":{"start":{"line":25,"column":23},"end":{"line":27,"column":33}},"type":"cond-expr","locations":[{"start":{"line":26,"column":10},"end":{"line":26,"column":27}},{"start":{"line":27,"column":10},"end":{"line":27,"column":33}}],"line":25}},"s":{"0":2,"1":2,"2":7,"3":7,"4":0,"5":0,"6":0,"7":0,"8":0,"9":0,"10":0,"11":1,"12":0,"13":0,"14":0,"15":0,"16":0,"17":0,"18":0,"19":0,"20":0,"21":2,"22":2,"23":2,"24":2,"25":2,"26":2,"27":2},"f":{"0":7,"1":1,"2":0,"3":0,"4":0,"5":0,"6":0,"7":0,"8":0,"9":0,"10":0},"b":{"0":[0],"1":[7,0],"2":[0,0]},"_coverageSchema":"1a1c01bbd47fc00a2c39e90264f33305004495a9","hash":"1f180041ffb9d03e63759f0ef606bc32772d184c"}
}
