TN:
SF:auth.js
FN:4,authManager
FNF:1
FNH:1
FNDA:1,authManager
DA:1,1
DA:2,1
DA:5,1
DA:6,1
DA:8,1
DA:9,1
DA:12,0
DA:18,0
DA:19,0
DA:26,0
DA:27,0
DA:30,0
DA:31,0
DA:34,1
LF:14
LH:7
BRDA:6,0,0,0
BRDA:6,0,1,1
BRDA:8,1,0,1
BRDA:8,1,1,0
BRDA:26,2,0,0
BRDA:26,2,1,0
BRF:6
BRH:2
end_of_record
TN:
SF:keys.js
FN:6,generateKeyPair
FN:41,getFreshKey
FN:42,(anonymous_2)
FN:45,getAllFreshKeys
FN:46,(anonymous_4)
FN:49,getExpiredKey
FN:50,(anonymous_6)
FN:53,getAllExpiredKeys
FN:54,(anonymous_8)
FN:57,getKeyWithKid
FN:58,(anonymous_10)
FNF:11
FNH:2
FNDA:7,generateKeyPair
FNDA:1,getFreshKey
FNDA:0,(anonymous_2)
FNDA:0,getAllFreshKeys
FNDA:0,(anonymous_4)
FNDA:0,getExpiredKey
FNDA:0,(anonymous_6)
FNDA:0,getAllExpiredKeys
FNDA:0,(anonymous_8)
FNDA:0,getKeyWithKid
FNDA:0,(anonymous_10)
DA:1,2
DA:4,2
DA:7,7
DA:8,7
DA:9,0
DA:11,0
DA:23,0
DA:25,0
DA:29,0
DA:36,0
DA:37,0
DA:42,1
DA:46,0
DA:50,0
DA:54,0
DA:58,0
DA:62,2
DA:63,2
DA:64,2
DA:65,2
DA:66,2
DA:67,2
DA:68,2
LF:23
LH:12
BRDA:6,0,0,0
BRDA:7,1,0,7
BRDA:7,1,1,0
BRDA:25,2,0,0
BRDA:25,2,1,0
BRF:5
BRH:1
end_of_record
