TN:
SF:auth.js
FN:15,authManager
FNF:1
FNH:1
FNDA:8,authManager
DA:5,1
DA:6,1
DA:16,8
DA:17,8
DA:19,8
DA:20,0
DA:23,8
DA:29,8
DA:30,8
DA:37,8
DA:38,2
DA:41,8
DA:42,8
DA:43,8
DA:44,8
DA:46,0
DA:47,0
DA:51,1
LF:18
LH:15
BRDA:17,0,0,2
BRDA:17,0,1,6
BRDA:19,1,0,0
BRDA:19,1,1,8
BRDA:37,2,0,2
BRDA:37,2,1,6
BRDA:43,3,0,2
BRDA:43,3,1,6
BRF:8
BRH:7
end_of_record
TN:
SF:db.js
FN:10,(anonymous_0)
FNF:1
FNH:1
FNDA:3,(anonymous_0)
DA:4,3
DA:10,3
DA:12,3
DA:13,0
DA:15,3
DA:22,3
DA:28,3
LF:7
LH:6
BRDA:12,0,0,0
BRDA:12,0,1,3
BRF:2
BRH:1
end_of_record
TN:
SF:keys.js
FN:16,generateKeyPair
FN:38,(anonymous_1)
FN:42,(anonymous_2)
FN:70,getFreshKey
FN:71,(anonymous_4)
FN:75,(anonymous_5)
FN:101,getAllFreshKeys
FN:102,(anonymous_7)
FN:106,(anonymous_8)
FN:112,(anonymous_9)
FN:134,getExpiredKey
FN:135,(anonymous_11)
FN:139,(anonymous_12)
FN:165,getAllExpiredKeys
FN:166,(anonymous_14)
FN:170,(anonymous_15)
FN:176,(anonymous_16)
FN:197,getKeyWithKid
FN:198,(anonymous_18)
FN:202,(anonymous_19)
FNF:20
FNH:20
FNDA:22,generateKeyPair
FNDA:22,(anonymous_1)
FNDA:22,(anonymous_2)
FNDA:7,getFreshKey
FNDA:7,(anonymous_4)
FNDA:7,(anonymous_5)
FNDA:1,getAllFreshKeys
FNDA:1,(anonymous_7)
FNDA:1,(anonymous_8)
FNDA:61,(anonymous_9)
FNDA:3,getExpiredKey
FNDA:3,(anonymous_11)
FNDA:3,(anonymous_12)
FNDA:1,getAllExpiredKeys
FNDA:1,(anonymous_14)
FNDA:1,(anonymous_15)
FNDA:52,(anonymous_16)
FNDA:2,getKeyWithKid
FNDA:2,(anonymous_18)
FNDA:2,(anonymous_19)
DA:5,2
DA:6,2
DA:8,2
DA:17,22
DA:30,22
DA:35,22
DA:38,22
DA:39,22
DA:43,22
DA:44,0
DA:45,0
DA:48,22
DA:49,22
DA:54,22
DA:55,22
DA:56,22
DA:71,7
DA:72,7
DA:76,7
DA:77,0
DA:78,0
DA:80,7
DA:81,7
DA:86,7
DA:88,0
DA:102,1
DA:103,1
DA:107,1
DA:108,0
DA:109,0
DA:111,1
DA:112,61
DA:117,1
DA:118,1
DA:120,0
DA:135,3
DA:136,3
DA:140,3
DA:141,0
DA:142,0
DA:144,3
DA:145,3
DA:150,3
DA:152,0
DA:166,1
DA:167,1
DA:171,1
DA:172,0
DA:173,0
DA:175,1
DA:176,52
DA:181,1
DA:183,0
DA:198,2
DA:199,2
DA:203,2
DA:204,0
DA:205,0
DA:207,2
DA:208,1
DA:213,1
DA:215,1
DA:225,2
DA:226,2
DA:227,2
DA:228,2
DA:229,2
DA:230,2
DA:231,2
LF:69
LH:53
BRDA:16,0,0,0
BRDA:30,1,0,9
BRDA:30,1,1,13
BRDA:43,2,0,0
BRDA:43,2,1,22
BRDA:76,3,0,0
BRDA:76,3,1,7
BRDA:80,4,0,7
BRDA:80,4,1,0
BRDA:107,5,0,0
BRDA:107,5,1,1
BRDA:111,6,0,1
BRDA:111,6,1,0
BRDA:140,7,0,0
BRDA:140,7,1,3
BRDA:144,8,0,3
BRDA:144,8,1,0
BRDA:171,9,0,0
BRDA:171,9,1,1
BRDA:175,10,0,1
BRDA:175,10,1,0
BRDA:203,11,0,0
BRDA:203,11,1,2
BRDA:207,12,0,1
BRDA:207,12,1,1
BRF:25
BRH:14
end_of_record
